2026-05-10 00:42:19 [INFO] com.AuthService.demo.AOP.LoggingAspect - REQUEST -> POST /auth/login from IP: 127.0.0.1
2026-05-10 00:42:20 [INFO] com.AuthService.demo.AOP.LoggingAspect - SUCCESS -> Method: login executed successfully
2026-05-10 00:46:18 [INFO] org.springframework.boot.admin.SpringApplicationAdminMXBeanRegistrar$SpringApplicationAdmin - Application shutdown requested.
2026-05-10 00:46:18 [INFO] org.apache.coyote.http11.Http11NioProtocol - Stopping ProtocolHandler ["http-nio-8081"]
2026-05-10 00:46:18 [INFO] org.springframework.orm.jpa.LocalContainerEntityManagerFactoryBean - Closing JPA EntityManagerFactory for persistence unit 'default'
2026-05-10 00:46:18 [INFO] com.zaxxer.hikari.HikariDataSource - HikariPool-1 - Shutdown initiated...
2026-05-10 00:46:18 [INFO] com.zaxxer.hikari.HikariDataSource - HikariPool-1 - Shutdown completed.
2026-05-10 00:46:20 [INFO] org.hibernate.validator.internal.util.Version - HV000001: Hibernate Validator 8.0.1.Final
2026-05-10 00:46:20 [INFO] com.AuthService.demo.AuthServiceApplication - Starting AuthServiceApplication using Java 17.0.18 with PID 35132 (D:\Eclips\Backend\AuthService\target\classes started by Dell in D:\Eclips\Backend\AuthService)
2026-05-10 00:46:20 [INFO] com.AuthService.demo.AuthServiceApplication - No active profile set, falling back to 1 default profile: "default"
2026-05-10 00:46:20 [INFO] org.springframework.data.repository.config.RepositoryConfigurationDelegate - Bootstrapping Spring Data JPA repositories in DEFAULT mode.
2026-05-10 00:46:20 [INFO] org.springframework.data.repository.config.RepositoryConfigurationDelegate - Finished Spring Data repository scanning in 34 ms. Found 2 JPA repository interfaces.
2026-05-10 00:46:21 [INFO] org.springframework.boot.web.embedded.tomcat.TomcatWebServer - Tomcat initialized with port 8081 (http)
2026-05-10 00:46:21 [INFO] org.apache.coyote.http11.Http11NioProtocol - Initializing ProtocolHandler ["http-nio-8081"]
2026-05-10 00:46:21 [INFO] org.apache.catalina.core.StandardService - Starting service [Tomcat]
2026-05-10 00:46:21 [INFO] org.apache.catalina.core.StandardEngine - Starting Servlet engine: [Apache Tomcat/10.1.20]
2026-05-10 00:46:21 [INFO] org.apache.catalina.core.ContainerBase.[Tomcat].[localhost].[/] - Initializing Spring embedded WebApplicationContext
2026-05-10 00:46:21 [INFO] org.springframework.boot.web.servlet.context.ServletWebServerApplicationContext - Root WebApplicationContext: initialization completed in 968 ms
2026-05-10 00:46:21 [INFO] org.hibernate.jpa.internal.util.LogHelper - HHH000204: Processing PersistenceUnitInfo [name: default]
2026-05-10 00:46:21 [INFO] org.hibernate.Version - HHH000412: Hibernate ORM core version 6.4.4.Final
2026-05-10 00:46:21 [INFO] org.hibernate.cache.internal.RegionFactoryInitiator - HHH000026: Second-level cache disabled
2026-05-10 00:46:21 [INFO] org.springframework.orm.jpa.persistenceunit.SpringPersistenceUnitInfo - No LoadTimeWeaver setup: ignoring JPA class transformer
2026-05-10 00:46:21 [INFO] com.zaxxer.hikari.HikariDataSource - HikariPool-1 - Starting...
2026-05-10 00:46:21 [INFO] com.zaxxer.hikari.pool.HikariPool - HikariPool-1 - Added connection com.mysql.cj.jdbc.ConnectionImpl@3fe98084
2026-05-10 00:46:21 [INFO] com.zaxxer.hikari.HikariDataSource - HikariPool-1 - Start completed.
2026-05-10 00:46:22 [INFO] org.hibernate.engine.transaction.jta.platform.internal.JtaPlatformInitiator - HHH000489: No JTA platform available (set 'hibernate.transaction.jta.platform' to enable JTA platform integration)
2026-05-10 00:46:22 [INFO] org.springframework.orm.jpa.LocalContainerEntityManagerFactoryBean - Initialized JPA EntityManagerFactory for persistence unit 'default'
2026-05-10 00:46:23 [WARN] org.springframework.boot.autoconfigure.orm.jpa.JpaBaseConfiguration$JpaWebConfiguration - spring.jpa.open-in-view is enabled by default. Therefore, database queries may be performed during view rendering. Explicitly configure spring.jpa.open-in-view to disable this warning
2026-05-10 00:46:23 [INFO] org.springframework.security.web.DefaultSecurityFilterChain - Will secure any request with [org.springframework.security.web.session.DisableEncodeUrlFilter@33ccab9c, org.springframework.security.web.context.request.async.WebAsyncManagerIntegrationFilter@668ea404, org.springframework.security.web.context.SecurityContextHolderFilter@3be2ef56, org.springframework.security.web.header.HeaderWriterFilter@6b3284, org.springframework.web.filter.CorsFilter@6c89c92e, org.springframework.security.web.authentication.logout.LogoutFilter@2ac7c683, org.springframework.security.web.savedrequest.RequestCacheAwareFilter@672549f3, org.springframework.security.web.servletapi.SecurityContextHolderAwareRequestFilter@4791d904, org.springframework.security.web.authentication.AnonymousAuthenticationFilter@62109320, org.springframework.security.web.session.SessionManagementFilter@2f59cb6f, org.springframework.security.web.access.ExceptionTranslationFilter@2c3f81ef, org.springframework.security.web.access.intercept.AuthorizationFilter@602d5417]
2026-05-10 00:46:23 [INFO] org.apache.coyote.http11.Http11NioProtocol - Starting ProtocolHandler ["http-nio-8081"]
2026-05-10 00:46:23 [INFO] org.springframework.boot.web.embedded.tomcat.TomcatWebServer - Tomcat started on port 8081 (http) with context path ''
2026-05-10 00:46:23 [INFO] com.AuthService.demo.AuthServiceApplication - Started AuthServiceApplication in 3.641 seconds (process running for 4.005)
2026-05-10 00:56:08 [INFO] org.springframework.boot.admin.SpringApplicationAdminMXBeanRegistrar$SpringApplicationAdmin - Application shutdown requested.
2026-05-10 00:56:08 [INFO] org.apache.coyote.http11.Http11NioProtocol - Stopping ProtocolHandler ["http-nio-8081"]
2026-05-10 00:56:08 [INFO] org.springframework.orm.jpa.LocalContainerEntityManagerFactoryBean - Closing JPA EntityManagerFactory for persistence unit 'default'
2026-05-10 00:56:08 [INFO] com.zaxxer.hikari.HikariDataSource - HikariPool-1 - Shutdown initiated...
2026-05-10 00:56:08 [INFO] com.zaxxer.hikari.HikariDataSource - HikariPool-1 - Shutdown completed.
2026-05-10 01:33:48 [INFO] org.hibernate.validator.internal.util.Version - HV000001: Hibernate Validator 8.0.1.Final
2026-05-10 01:33:48 [INFO] com.AuthService.demo.AuthServiceApplication - Starting AuthServiceApplication using Java 17.0.18 with PID 30724 (D:\Eclips\Backend\AuthService\target\classes started by Dell in D:\Eclips\Backend\AuthService)
2026-05-10 01:33:48 [INFO] com.AuthService.demo.AuthServiceApplication - No active profile set, falling back to 1 default profile: "default"
2026-05-10 01:33:48 [INFO] org.springframework.data.repository.config.RepositoryConfigurationDelegate - Bootstrapping Spring Data JPA repositories in DEFAULT mode.
2026-05-10 01:33:48 [INFO] org.springframework.data.repository.config.RepositoryConfigurationDelegate - Finished Spring Data repository scanning in 33 ms. Found 2 JPA repository interfaces.
2026-05-10 01:33:49 [INFO] org.springframework.boot.web.embedded.tomcat.TomcatWebServer - Tomcat initialized with port 8081 (http)
2026-05-10 01:33:49 [INFO] org.apache.coyote.http11.Http11NioProtocol - Initializing ProtocolHandler ["http-nio-8081"]
2026-05-10 01:33:49 [INFO] org.apache.catalina.core.StandardService - Starting service [Tomcat]
2026-05-10 01:33:49 [INFO] org.apache.catalina.core.StandardEngine - Starting Servlet engine: [Apache Tomcat/10.1.20]
2026-05-10 01:33:49 [INFO] org.apache.catalina.core.ContainerBase.[Tomcat].[localhost].[/] - Initializing Spring embedded WebApplicationContext
2026-05-10 01:33:49 [INFO] org.springframework.boot.web.servlet.context.ServletWebServerApplicationContext - Root WebApplicationContext: initialization completed in 958 ms
2026-05-10 01:33:49 [INFO] org.hibernate.jpa.internal.util.LogHelper - HHH000204: Processing PersistenceUnitInfo [name: default]
2026-05-10 01:33:49 [INFO] org.hibernate.Version - HHH000412: Hibernate ORM core version 6.4.4.Final
2026-05-10 01:33:49 [INFO] org.hibernate.cache.internal.RegionFactoryInitiator - HHH000026: Second-level cache disabled
2026-05-10 01:33:49 [INFO] org.springframework.orm.jpa.persistenceunit.SpringPersistenceUnitInfo - No LoadTimeWeaver setup: ignoring JPA class transformer
2026-05-10 01:33:49 [INFO] com.zaxxer.hikari.HikariDataSource - HikariPool-1 - Starting...
2026-05-10 01:33:49 [INFO] com.zaxxer.hikari.pool.HikariPool - HikariPool-1 - Added connection com.mysql.cj.jdbc.ConnectionImpl@14239223
2026-05-10 01:33:49 [INFO] com.zaxxer.hikari.HikariDataSource - HikariPool-1 - Start completed.
2026-05-10 01:33:50 [INFO] org.hibernate.engine.transaction.jta.platform.internal.JtaPlatformInitiator - HHH000489: No JTA platform available (set 'hibernate.transaction.jta.platform' to enable JTA platform integration)
2026-05-10 01:33:50 [INFO] org.springframework.orm.jpa.LocalContainerEntityManagerFactoryBean - Initialized JPA EntityManagerFactory for persistence unit 'default'
2026-05-10 01:33:50 [WARN] org.springframework.boot.autoconfigure.orm.jpa.JpaBaseConfiguration$JpaWebConfiguration - spring.jpa.open-in-view is enabled by default. Therefore, database queries may be performed during view rendering. Explicitly configure spring.jpa.open-in-view to disable this warning
2026-05-10 01:33:51 [INFO] org.springframework.security.web.DefaultSecurityFilterChain - Will secure any request with [org.springframework.security.web.session.DisableEncodeUrlFilter@43600de0, org.springframework.security.web.context.request.async.WebAsyncManagerIntegrationFilter@6d028c7e, org.springframework.security.web.context.SecurityContextHolderFilter@15ab0461, org.springframework.security.web.header.HeaderWriterFilter@42a198dd, org.springframework.web.filter.CorsFilter@2e5ff1d4, org.springframework.security.web.authentication.logout.LogoutFilter@380cd266, org.springframework.security.web.savedrequest.RequestCacheAwareFilter@186fc6e, org.springframework.security.web.servletapi.SecurityContextHolderAwareRequestFilter@1bd5b1c8, org.springframework.security.web.authentication.AnonymousAuthenticationFilter@1a16583d, org.springframework.security.web.session.SessionManagementFilter@3c00da24, org.springframework.security.web.access.ExceptionTranslationFilter@73bd146c, org.springframework.security.web.access.intercept.AuthorizationFilter@2dedde74]
2026-05-10 01:33:51 [INFO] org.apache.coyote.http11.Http11NioProtocol - Starting ProtocolHandler ["http-nio-8081"]
2026-05-10 01:33:51 [INFO] org.springframework.boot.web.embedded.tomcat.TomcatWebServer - Tomcat started on port 8081 (http) with context path ''
2026-05-10 01:33:51 [INFO] com.AuthService.demo.AuthServiceApplication - Started AuthServiceApplication in 3.569 seconds (process running for 3.912)
2026-05-10 01:34:09 [INFO] org.springframework.boot.admin.SpringApplicationAdminMXBeanRegistrar$SpringApplicationAdmin - Application shutdown requested.
2026-05-10 01:34:09 [INFO] org.apache.coyote.http11.Http11NioProtocol - Stopping ProtocolHandler ["http-nio-8081"]
2026-05-10 01:34:09 [INFO] org.springframework.orm.jpa.LocalContainerEntityManagerFactoryBean - Closing JPA EntityManagerFactory for persistence unit 'default'
2026-05-10 01:34:09 [INFO] com.zaxxer.hikari.HikariDataSource - HikariPool-1 - Shutdown initiated...
2026-05-10 01:34:09 [INFO] com.zaxxer.hikari.HikariDataSource - HikariPool-1 - Shutdown completed.
